"../../../../../../Unreal Project/TetrisTest/Content/Image/Background1.uasset" 0
"../../../../../../Unreal Project/TetrisTest/Content/Image/gamebutton1.uasset" 1
"../../Plugins/2D/Paper2D/Content/PlaceholderTextures/DummySpriteTexture.uasset" 2
"../../Plugins/2D/Paper2D/Content/DefaultSpriteMaterial.uasset" 3
"../../Plugins/2D/Paper2D/Content/TranslucentUnlitSpriteMaterial.uasset" 4
"../../../../../../Unreal Project/TetrisTest/Content/Image/gamebutton1_Sprite_1.uasset" 5
"../../../../../../Unreal Project/TetrisTest/Content/Image/gamebutton1_Sprite_102.uasset" 6
"../../../../../../Unreal Project/TetrisTest/Content/Image/gamebutton1_Sprite_103.uasset" 7
"../../../../../../Unreal Project/TetrisTest/Content/Image/gamebutton1_Sprite_104.uasset" 8
"../../../../../../Unreal Project/TetrisTest/Content/Image/gamebutton1_Sprite_105.uasset" 9
"../../../../../../Unreal Project/TetrisTest/Content/Image/gamebutton1_Sprite_106.uasset" 10
"../../../../../../Unreal Project/TetrisTest/Content/Image/gamebutton1_Sprite_107.uasset" 11
"../../../../../../Unreal Project/TetrisTest/Content/Image/gamebutton1_Sprite_108.uasset" 12
"../../../../../../Unreal Project/TetrisTest/Content/Image/gamebutton1_Sprite_109.uasset" 13
"../../../../../../Unreal Project/TetrisTest/Content/Image/gamebutton1_Sprite_11.uasset" 14
"../../../../../../Unreal Project/TetrisTest/Content/Image/gamebutton1_Sprite_110.uasset" 15
"../../../../../../Unreal Project/TetrisTest/Content/Image/gamebutton1_Sprite_111.uasset" 16
"../../../../../../Unreal Project/TetrisTest/Content/Image/gamebutton1_Sprite_112.uasset" 17
"../../../../../../Unreal Project/TetrisTest/Content/Image/gamebutton1_Sprite_114.uasset" 18
"../../../../../../Unreal Project/TetrisTest/Content/Image/gamebutton1_Sprite_115.uasset" 19
"../../../../../../Unreal Project/TetrisTest/Content/Image/gamebutton1_Sprite_116.uasset" 20
"../../../../../../Unreal Project/TetrisTest/Content/Image/gamebutton1_Sprite_12.uasset" 21
"../../../../../../Unreal Project/TetrisTest/Content/Image/gamebutton1_Sprite_13.uasset" 22
"../../../../../../Unreal Project/TetrisTest/Content/Image/gamebutton1_Sprite_14.uasset" 23
"../../../../../../Unreal Project/TetrisTest/Content/Image/gamebutton1_Sprite_15.uasset" 24
"../../../../../../Unreal Project/TetrisTest/Content/Image/gamebutton1_Sprite_16.uasset" 25
"../../../../../../Unreal Project/TetrisTest/Content/Image/gamebutton1_Sprite_17.uasset" 26
"../../../../../../Unreal Project/TetrisTest/Content/Image/gamebutton1_Sprite_18.uasset" 27
"../../../../../../Unreal Project/TetrisTest/Content/Image/gamebutton1_Sprite_19.uasset" 28
"../../../../../../Unreal Project/TetrisTest/Content/Image/gamebutton1_Sprite_2.uasset" 29
"../../../../../../Unreal Project/TetrisTest/Content/Image/gamebutton1_Sprite_20.uasset" 30
"../../../../../../Unreal Project/TetrisTest/Content/Image/gamebutton1_Sprite_21.uasset" 31
"../../../../../../Unreal Project/TetrisTest/Content/Image/gamebutton1_Sprite_22.uasset" 32
"../../../../../../Unreal Project/TetrisTest/Content/Image/gamebutton1_Sprite_23.uasset" 33
"../../../../../../Unreal Project/TetrisTest/Content/Image/gamebutton1_Sprite_24.uasset" 34
"../../../../../../Unreal Project/TetrisTest/Content/Image/gamebutton1_Sprite_25.uasset" 35
"../../../../../../Unreal Project/TetrisTest/Content/Image/gamebutton1_Sprite_26.uasset" 36
"../../../../../../Unreal Project/TetrisTest/Content/Image/gamebutton1_Sprite_27.uasset" 37
"../../../../../../Unreal Project/TetrisTest/Content/Image/gamebutton1_Sprite_28.uasset" 38
"../../../../../../Unreal Project/TetrisTest/Content/Image/gamebutton1_Sprite_29.uasset" 39
"../../../../../../Unreal Project/TetrisTest/Content/Image/gamebutton1_Sprite_30.uasset" 40
"../../../../../../Unreal Project/TetrisTest/Content/Image/gamebutton1_Sprite_31.uasset" 41
"../../../../../../Unreal Project/TetrisTest/Content/Image/gamebutton1_Sprite_32.uasset" 42
"../../../../../../Unreal Project/TetrisTest/Content/Image/gamebutton1_Sprite_33.uasset" 43
"../../../../../../Unreal Project/TetrisTest/Content/Image/gamebutton1_Sprite_34.uasset" 44
"../../../../../../Unreal Project/TetrisTest/Content/Image/gamebutton1_Sprite_35.uasset" 45
"../../../../../../Unreal Project/TetrisTest/Content/Image/gamebutton1_Sprite_36.uasset" 46
"../../../../../../Unreal Project/TetrisTest/Content/Image/gamebutton1_Sprite_37.uasset" 47
"../../../../../../Unreal Project/TetrisTest/Content/Image/gamebutton1_Sprite_38.uasset" 48
"../../../../../../Unreal Project/TetrisTest/Content/Image/gamebutton1_Sprite_39.uasset" 49
"../../../../../../Unreal Project/TetrisTest/Content/Image/gamebutton1_Sprite_40.uasset" 50
"../../../../../../Unreal Project/TetrisTest/Content/Image/gamebutton1_Sprite_41.uasset" 51
"../../../../../../Unreal Project/TetrisTest/Content/Image/gamebutton1_Sprite_42.uasset" 52
"../../../../../../Unreal Project/TetrisTest/Content/Image/gamebutton1_Sprite_43.uasset" 53
"../../../../../../Unreal Project/TetrisTest/Content/Image/gamebutton1_Sprite_44.uasset" 54
"../../../../../../Unreal Project/TetrisTest/Content/Image/gamebutton1_Sprite_45.uasset" 55
"../../../../../../Unreal Project/TetrisTest/Content/Image/gamebutton1_Sprite_46.uasset" 56
"../../../../../../Unreal Project/TetrisTest/Content/Image/gamebutton1_Sprite_47.uasset" 57
"../../../../../../Unreal Project/TetrisTest/Content/Image/gamebutton1_Sprite_48.uasset" 58
"../../../../../../Unreal Project/TetrisTest/Content/Image/gamebutton1_Sprite_49.uasset" 59
"../../../../../../Unreal Project/TetrisTest/Content/Image/gamebutton1_Sprite_5.uasset" 60
"../../../../../../Unreal Project/TetrisTest/Content/Image/gamebutton1_Sprite_52.uasset" 61
"../../../../../../Unreal Project/TetrisTest/Content/Image/gamebutton1_Sprite_54.uasset" 62
"../../../../../../Unreal Project/TetrisTest/Content/Image/gamebutton1_Sprite_55.uasset" 63
"../../../../../../Unreal Project/TetrisTest/Content/Image/gamebutton1_Sprite_56.uasset" 64
"../../../../../../Unreal Project/TetrisTest/Content/Image/gamebutton1_Sprite_57.uasset" 65
"../../../../../../Unreal Project/TetrisTest/Content/Image/gamebutton1_Sprite_58.uasset" 66
"../../../../../../Unreal Project/TetrisTest/Content/Image/gamebutton1_Sprite_59.uasset" 67
"../../../../../../Unreal Project/TetrisTest/Content/Image/gamebutton1_Sprite_60.uasset" 68
"../../../../../../Unreal Project/TetrisTest/Content/Image/gamebutton1_Sprite_61.uasset" 69
"../../../../../../Unreal Project/TetrisTest/Content/Image/gamebutton1_Sprite_62.uasset" 70
"../../../../../../Unreal Project/TetrisTest/Content/Image/gamebutton1_Sprite_63.uasset" 71
"../../../../../../Unreal Project/TetrisTest/Content/Image/gamebutton1_Sprite_64.uasset" 72
"../../../../../../Unreal Project/TetrisTest/Content/Image/gamebutton1_Sprite_65.uasset" 73
"../../../../../../Unreal Project/TetrisTest/Content/Image/gamebutton1_Sprite_66.uasset" 74
"../../../../../../Unreal Project/TetrisTest/Content/Image/gamebutton1_Sprite_67.uasset" 75
"../../../../../../Unreal Project/TetrisTest/Content/Image/gamebutton1_Sprite_68.uasset" 76
"../../../../../../Unreal Project/TetrisTest/Content/Image/gamebutton1_Sprite_69.uasset" 77
"../../../../../../Unreal Project/TetrisTest/Content/Image/gamebutton1_Sprite_7.uasset" 78
"../../../../../../Unreal Project/TetrisTest/Content/Image/gamebutton1_Sprite_70.uasset" 79
"../../../../../../Unreal Project/TetrisTest/Content/Image/gamebutton1_Sprite_71.uasset" 80
"../../../../../../Unreal Project/TetrisTest/Content/Image/gamebutton1_Sprite_72.uasset" 81
"../../../../../../Unreal Project/TetrisTest/Content/Image/gamebutton1_Sprite_73.uasset" 82
"../../../../../../Unreal Project/TetrisTest/Content/Image/gamebutton1_Sprite_74.uasset" 83
"../../../../../../Unreal Project/TetrisTest/Content/Image/gamebutton1_Sprite_75.uasset" 84
"../../../../../../Unreal Project/TetrisTest/Content/Image/gamebutton1_Sprite_76.uasset" 85
"../../../../../../Unreal Project/TetrisTest/Content/Image/gamebutton1_Sprite_77.uasset" 86
"../../../../../../Unreal Project/TetrisTest/Content/Image/gamebutton1_Sprite_78.uasset" 87
"../../../../../../Unreal Project/TetrisTest/Content/Image/gamebutton1_Sprite_79.uasset" 88
"../../../../../../Unreal Project/TetrisTest/Content/Image/gamebutton1_Sprite_8.uasset" 89
"../../../../../../Unreal Project/TetrisTest/Content/Image/gamebutton1_Sprite_80.uasset" 90
"../../../../../../Unreal Project/TetrisTest/Content/Image/gamebutton1_Sprite_81.uasset" 91
"../../../../../../Unreal Project/TetrisTest/Content/Image/gamebutton1_Sprite_82.uasset" 92
"../../../../../../Unreal Project/TetrisTest/Content/Image/gamebutton1_Sprite_83.uasset" 93
"../../../../../../Unreal Project/TetrisTest/Content/Image/gamebutton1_Sprite_84.uasset" 94
"../../../../../../Unreal Project/TetrisTest/Content/Image/gamebutton1_Sprite_85.uasset" 95
"../../../../../../Unreal Project/TetrisTest/Content/Image/gamebutton1_Sprite_86.uasset" 96
"../../../../../../Unreal Project/TetrisTest/Content/Image/gamebutton1_Sprite_87.uasset" 97
"../../../../../../Unreal Project/TetrisTest/Content/Image/gamebutton1_Sprite_88.uasset" 98
"../../../../../../Unreal Project/TetrisTest/Content/Image/gamebutton1_Sprite_89.uasset" 99
"../../../../../../Unreal Project/TetrisTest/Content/Image/gamebutton1_Sprite_9.uasset" 100
"../../../../../../Unreal Project/TetrisTest/Content/Image/gamebutton1_Sprite_90.uasset" 101
"../../../../../../Unreal Project/TetrisTest/Content/Image/gamebutton1_Sprite_91.uasset" 102
"../../../../../../Unreal Project/TetrisTest/Content/Image/gamebutton1_Sprite_92.uasset" 103
"../../../../../../Unreal Project/TetrisTest/Content/Image/gamebutton1_Sprite_93.uasset" 104
"../../../../../../Unreal Project/TetrisTest/Content/Image/gamebutton1_Sprite_94.uasset" 105
"../../../../../../Unreal Project/TetrisTest/Content/Image/gamebutton1_Sprite_95.uasset" 106
"../../../../../../Unreal Project/TetrisTest/Content/Image/gamebutton1_Sprite_96.uasset" 107
"../../../../../../Unreal Project/TetrisTest/Content/Image/gamebutton1_Sprite_97.uasset" 108
"../../../../../../Unreal Project/TetrisTest/Content/Image/gamebutton1_Sprite_98.uasset" 109
"../../../../../../Unreal Project/TetrisTest/Content/Image/gamebutton1_Sprite_99.uasset" 110
"../../../../../../Unreal Project/TetrisTest/Content/Image/GameName1.uasset" 111
"../../../Engine/Content/Animation/DefaultAnimCurveCompressionSettings.uasset" 112
"../../../Engine/Content/Functions/Engine_MaterialFunctions01/Opacity/CameraDepthFade.uasset" 113
"../../../Engine/Content/EngineMaterials/T_Default_Material_Grid_M.uasset" 114
"../../../Engine/Content/EngineMaterials/T_Default_Material_Grid_N.uasset" 115
"../../../Engine/Content/EngineMaterials/WorldGridMaterial.uasset" 116
"../../../Engine/Content/ArtTools/RenderToTexture/Meshes/S_1_Unit_Plane.uasset" 117
"../../../Engine/Content/EngineMaterials/DefaultMaterial.uasset" 118
"../../../Engine/Content/BasicShapes/Cone.uasset" 119
"../../../Engine/Content/BasicShapes/Cube.uasset" 120
"../../../Engine/Content/BasicShapes/Cylinder.uasset" 121
"../../../Engine/Content/BasicShapes/Sphere.uasset" 122
"../../../Engine/Content/EditorLandscapeResources/DataLayer.uasset" 123
"../../../Engine/Content/EditorMaterials/MAT_Groups_Toggle.uasset" 124
"../../../Engine/Content/EditorMaterials/MAT_Groups_Visibility.uasset" 125
"../../../Engine/Content/EditorMaterials/PreviewShadowIndicator.uasset" 126
"../../../Engine/Content/EditorMaterials/PreviewShadowIndicatorMaterial.uasset" 127
"../../../Engine/Content/EditorMaterials/MatineeGroups/MAT_ColorTrack.uasset" 128
"../../../Engine/Content/EditorMaterials/MatineeGroups/MAT_Groups_Anim.uasset" 129
"../../../Engine/Content/EditorMaterials/MatineeGroups/MAT_Groups_AudioMaster.uasset" 130
"../../../Engine/Content/EditorMaterials/MatineeGroups/MAT_Groups_Director.uasset" 131
"../../../Engine/Content/EditorMaterials/MatineeGroups/MAT_Groups_Event.uasset" 132
"../../../Engine/Content/EditorMaterials/MatineeGroups/MAT_Groups_Fade.uasset" 133
"../../../Engine/Content/EditorMaterials/MatineeGroups/MAT_Groups_Float.uasset" 134
"../../../Engine/Content/EditorMaterials/MatineeGroups/MAT_Groups_Move.uasset" 135
"../../../Engine/Content/EditorMaterials/MatineeGroups/MAT_Groups_Slomo.uasset" 136
"../../../Engine/Content/EditorMaterials/MatineeGroups/MAT_Groups_Sound.uasset" 137
"../../../Engine/Content/EditorMaterials/MatineeGroups/MAT_Groups_Vector.uasset" 138
"../../../Engine/Content/EditorMaterials/ParticleSystems/PSysThumbnail_NoImage.uasset" 139
"../../../Engine/Content/EditorMaterials/ParticleSystems/PSysThumbnail_OOD.uasset" 140
"../../../Engine/Content/EditorMaterials/Camera/CineMat.uasset" 141
"../../../Engine/Content/EditorMaterials/Camera/MI_CineMat_Rig.uasset" 142
"../../../Engine/Content/EditorMeshes/Camera/SM_CraneRig_Arm.uasset" 143
"../../../Engine/Content/EditorMeshes/Camera/SM_CraneRig_Base.uasset" 144
"../../../Engine/Content/EditorMeshes/Camera/SM_CraneRig_Body.uasset" 145
"../../../Engine/Content/EditorMeshes/Camera/SM_CraneRig_Mount.uasset" 146
"../../../Engine/Content/EditorMeshes/Camera/SM_RailRig_Mount.uasset" 147
"../../../Engine/Content/EditorMeshes/Camera/SM_RailRig_Track.uasset" 148
"../../../Engine/Content/EditorResources/BSPVertex.uasset" 149
"../../../Engine/Content/EditorResources/EmptyActor.uasset" 150
"../../../Engine/Content/EditorResources/S_Actor.uasset" 151
"../../../Engine/Content/EditorResources/S_Note.uasset" 152
"../../../Engine/Content/EditorResources/S_Solver.uasset" 153
"../../../Engine/Content/EditorResources/S_Trigger.uasset" 154
"../../../Engine/Content/EditorResources/AudioIcons/S_AudioComponent_AutoActivate.uasset" 155
"../../../Engine/Content/EditorResources/LightIcons/S_LightError.uasset" 156
"../../../Engine/Content/EditorResources/SequenceRecorder/Countdown.uasset" 157
"../../../Engine/Content/EditorResources/SequenceRecorder/RecordingIndicator.uasset" 158
"../../../Engine/Content/EditorSounds/Notifications/CompileFailed.uasset" 159
"../../../Engine/Content/EditorSounds/Notifications/CompileFailed_Cue.uasset" 160
"../../../Engine/Content/EditorSounds/Notifications/CompileSuccess.uasset" 161
"../../../Engine/Content/EditorSounds/Notifications/CompileStart_Cue.uasset" 162
"../../../Engine/Content/EditorSounds/Notifications/CompileSuccess_Cue.uasset" 163
"../../../Engine/Content/EngineDamageTypes/DmgTypeBP_Environmental.uasset" 164
"../../../Engine/Content/EngineDebugMaterials/DebugEditorMaterial.uasset" 165
"../../../Engine/Content/EngineDebugMaterials/DebugMeshMaterial.uasset" 166
"../../../Engine/Content/EngineDebugMaterials/M_SimpleUnlitTranslucent.uasset" 167
"../../../Engine/Content/Functions/Engine_MaterialFunctions02/Utility/CameraDirectionVector.uasset" 168
"../../../Engine/Content/EngineDebugMaterials/VolumeToRender.uasset" 169
"../../../Engine/Content/EngineDebugMaterials/M_VolumeRenderSphereTracePP.uasset" 170
"../../../Engine/Content/EngineDebugMaterials/WireframeMaterial.uasset" 171
"../../../Engine/Content/EngineFonts/Faces/DroidSansFallback.uasset" 172
"../../../Engine/Content/EngineFonts/Faces/RobotoBold.uasset" 173
"../../../Engine/Content/EngineFonts/Faces/RobotoBoldItalic.uasset" 174
"../../../Engine/Content/EngineFonts/Faces/RobotoItalic.uasset" 175
"../../../Engine/Content/EngineFonts/Faces/RobotoLight.uasset" 176
"../../../Engine/Content/EngineFonts/Faces/RobotoRegular.uasset" 177
"../../../Engine/Content/EngineFonts/Roboto.uasset" 178
"../../../Engine/Content/EngineMaterials/BaseFlattenDiffuseMap.uasset" 179
"../../../Engine/Content/EngineMaterials/BaseFlattenEmissiveMap.uasset" 180
"../../../Engine/Content/EngineMaterials/BaseFlattenGrayscaleMap.uasset" 181
"../../../Engine/Content/EngineMaterials/BaseFlattenNormalMap.uasset" 182
"../../../Engine/Content/EngineMaterials/BaseFlattenMaterial.uasset" 183
"../../../Engine/Content/EngineMaterials/BlueNoise.uasset" 184
"../../../Engine/Content/EngineMaterials/DefaultBloomKernel.uasset" 185
"../../../Engine/Content/EngineMaterials/DefaultBokeh.uasset" 186
"../../../Engine/Content/EngineMaterials/DefaultDiffuse.uasset" 187
"../../../Engine/Content/EngineMaterials/DefaultDeferredDecalMaterial.uasset" 188
"../../../Engine/Content/EngineMaterials/DefaultLightFunctionMaterial.uasset" 189
"../../../Engine/Content/EngineMaterials/DefaultPhysicalMaterial.uasset" 190
"../../../Engine/Content/Functions/Engine_MaterialFunctions02/Utility/BreakOutFloat2Components.uasset" 191
"../../../Engine/Content/EngineMaterials/DefaultPostProcessMaterial.uasset" 192
"../../../Engine/Content/EngineFonts/RobotoDistanceField.uasset" 193
"../../../Engine/Content/EngineMaterials/DefaultTextMaterialOpaque.uasset" 194
"../../../Engine/Content/EngineMaterials/DefaultWhiteGrid.uasset" 195
"../../../Engine/Content/EngineMaterials/DefaultWhiteGrid_Low.uasset" 196
"../../../Engine/Content/EngineMaterials/EmissiveMeshMaterial.uasset" 197
"../../../Engine/Content/EngineMaterials/GizmoMaterial.uasset" 198
"../../../Engine/Content/EngineMaterials/Good64x64TilingNoiseHighFreq.uasset" 199
"../../../Engine/Content/EngineMaterials/MiniFont.uasset" 200
"../../../Engine/Content/EngineMaterials/InvalidLightmapSettings.uasset" 201
"../../../Engine/Content/EngineMaterials/M_InvalidLightmapSettings.uasset" 202
"../../../Engine/Content/Functions/Engine_MaterialFunctions02/WorldPositionOffset/CameraOffset.uasset" 203
"../../../Engine/Content/EngineMaterials/PhAT_JointLimitMaterial.uasset" 204
"../../../Engine/Content/EngineMaterials/PreintegratedSkinBRDF.uasset" 205
"../../../Engine/Content/EngineMaterials/RemoveSurfaceMaterial.uasset" 206
"../../../Engine/Content/EngineMaterials/WeightMapPlaceholderTexture.uasset" 207
"../../../Engine/Content/EngineResources/WhiteSquareTexture.uasset" 208
"../../../Engine/Content/EngineMaterials/Widget3DPassThrough.uasset" 209
"../../../Engine/Content/EngineMaterials/Widget3DPassThrough_Masked.uasset" 210
"../../../Engine/Content/EngineMaterials/Widget3DPassThrough_Opaque.uasset" 211
"../../../Engine/Content/EngineMaterials/Widget3DPassThrough_Masked_OneSided.uasset" 212
"../../../Engine/Content/EngineMaterials/Widget3DPassThrough_Opaque_OneSided.uasset" 213
"../../../Engine/Content/EngineMaterials/Widget3DPassThrough_Translucent.uasset" 214
"../../../Engine/Content/EngineMaterials/Widget3DPassThrough_Translucent_OneSided.uasset" 215
"../../../Engine/Content/EngineMeshes/Cylinder.uasset" 216
"../../../Engine/Content/EngineMeshes/Sphere.uasset" 217
"../../../Engine/Content/EngineResources/Black.uasset" 218
"../../../Engine/Content/EngineResources/DefaultTexture.uasset" 219
"../../../Engine/Content/EngineResources/DefaultTextureCube.uasset" 220
"../../../Engine/Content/EngineResources/DefaultVolumeTexture2D.uasset" 221
"../../../Engine/Content/EngineResources/DefaultVolumeTexture.uasset" 222
"../../../Engine/Content/EngineResources/GradientTexture0.uasset" 223
"../../../Engine/Content/EngineSounds/Master.uasset" 224
"../../../Engine/Content/Functions/Engine_MaterialFunctions01/Shading/ConvertFromDiffSpec.uasset" 225
"../../../Engine/Content/Functions/Engine_MaterialFunctions01/Shading/PowerToRoughness.uasset" 226
"../../../Engine/Content/Maps/Templates/Thumbnails/Default.uasset" 227
"../../../Engine/Content/Maps/Templates/Thumbnails/TimeOfDay.uasset" 228
"../../../Engine/Content/Maps/Templates/Thumbnails/VR-Basic.uasset" 229
"../../../Engine/Content/MobileResources/T_MobileControls_texture.uasset" 230
"../../../Engine/Content/MobileResources/T_MobileMenu2.uasset" 231
"../../../Engine/Content/MobileResources/HUD/AnalogHat.uasset" 232
"../../../Engine/Content/MobileResources/HUD/VirtualJoystick_Background.uasset" 233
"../../../Engine/Content/MobileResources/HUD/VirtualJoystick_Thumb.uasset" 234
"../../../Engine/Content/MobileResources/HUD/DefaultVirtualJoysticks.uasset" 235
"../../../Engine/Content/MobileResources/HUD/LeftVirtualJoystickOnly.uasset" 236
"../../../Engine/Content/MobileResources/HUD/MobileHUDButton1_off.uasset" 237
"../../../Engine/Content/MobileResources/HUD/MobileHUDButton1_on.uasset" 238
"../../../Engine/Content/MobileResources/HUD/MobileHUDButton2_off.uasset" 239
"../../../Engine/Content/MobileResources/HUD/MobileHUDButton2_on.uasset" 240
"../../../Engine/Content/MobileResources/HUD/MobileHUDButton3.uasset" 241
"../../../Engine/Content/MobileResources/HUD/MobileHUDButtonFire.uasset" 242
"../../../Engine/Content/MobileResources/HUD/MobileHUDDirectionPad.uasset" 243
"../../../Engine/Content/MobileResources/HUD/MobileHUDDirectionPad2.uasset" 244
"../../../Engine/Content/MobileResources/HUD/MobileHUDDirectionPad3.uasset" 245
"../../../Engine/Content/MobileResources/HUD/MobileHUDDirectionStick.uasset" 246
"../../../Engine/Content/MobileResources/HUD/T_Castle_ThumbstickInner.uasset" 247
"../../../Engine/Content/MobileResources/HUD/T_Castle_ThumbstickOutter.uasset" 248
"../../../Engine/Content/Tutorial/ContentIntroCurve.uasset" 249
"../../../Engine/Content/Tutorial/Basics/LevelEditorAttract.uasset" 250
"../../../Engine/Content/Tutorial/Basics/TutorialAssets/icon_tab_Levels_40x.uasset" 251
"../../../Engine/Content/Tutorial/Basics/LevelEditorOverview.uasset" 252
"../../../Engine/Content/Tutorial/BlueprintTutorials/TutorialAssets/Blueprint_64x.uasset" 253
"../../../Engine/Content/Tutorial/BlueprintTutorials/BlueprintEditorTutorial.uasset" 254
"../../../Engine/Content/Tutorial/BlueprintTutorials/LevelBlueprintEditorOverview.uasset" 255
"../../../Engine/Content/VREditor/LaserPointer/VR_LaserPower_01.uasset" 256
"../../../Engine/Content/VREditor/TransformGizmo/TransformGizmoMaterial.uasset" 257
"../../../Engine/Content/VREditor/TransformGizmo/TranslucentTransformGizmoMaterial.uasset" 258
"../../../Engine/Content/VREditor/TransformGizmo/BoundingBoxCorner.uasset" 259
"../../../Engine/Content/VREditor/TransformGizmo/BoundingBoxEdge.uasset" 260
"../../../Engine/Content/VREditor/TransformGizmo/PlaneTranslationHandle.uasset" 261
"../../../Engine/Content/VREditor/TransformGizmo/Main.uasset" 262
"../../../Engine/Content/VREditor/TransformGizmo/Xray.uasset" 263
"../../../Engine/Content/VREditor/TransformGizmo/SM_Sequencer_Key.uasset" 264
"../../../Engine/Content/VREditor/TransformGizmo/SM_Sequencer_Node.uasset" 265
"../../Plugins/2D/Paper2D/Content/DummySprite.uasset" 266
"../../Plugins/2D/Paper2D/Content/DefaultPaperTerrainMaterial.uasset" 267
"../../Plugins/2D/Paper2D/Content/MaskedUnlitSpriteMaterial.uasset" 268
"../../Plugins/2D/Paper2D/Content/OpaqueUnlitSpriteMaterial.uasset" 269
"../../Plugins/FX/Niagara/Content/Enums/ENiagaraBooleanLogicOps.uasset" 270
"../../Plugins/FX/Niagara/Content/Enums/ENiagaraCoordinateSpace.uasset" 271
"../../Plugins/FX/Niagara/Content/Enums/ENiagaraExpansionMode.uasset" 272
"../../Plugins/FX/Niagara/Content/Enums/ENiagaraOrientationAxis.uasset" 273
"../../Plugins/FX/Niagara/Content/Enums/ENiagaraRandomnessMode.uasset" 274
"../../../Engine/Content/Functions/Engine_MaterialFunctions02/Utility/BreakOutFloat4Components.uasset" 275
"../../../Engine/Content/Functions/Engine_MaterialFunctions02/Utility/MakeFloat2.uasset" 276
"../../../Engine/Content/Functions/Engine_MaterialFunctions02/Utility/MakeFloat3.uasset" 277
"../../Plugins/Runtime/Oculus/OculusVR/Content/Materials/OculusMR_ChromaKey.uasset" 278
"../../Plugins/Runtime/Oculus/OculusVR/Content/Materials/OculusMR_ChromaKey_Lit.uasset" 279
"../../Plugins/Runtime/Oculus/OculusVR/Content/Materials/OculusMR_OpaqueColoredMaterial.uasset" 280
"../../Plugins/Runtime/Oculus/OculusVR/Content/Materials/OculusMR_WhiteMaterial.uasset" 281
"../../../Engine/Content/EditorBlueprintResources/StandardMacros.uasset" 282
"../../../../../../Unreal Project/TetrisTest/Content/Material/0M_Color.uasset" 283
"../../../../../../Unreal Project/TetrisTest/Content/Material/Mi_Color_08.uasset" 284
"../../../../../../Unreal Project/TetrisTest/Content/Material/Mi_Color_09.uasset" 285
"../../../../../../Unreal Project/TetrisTest/Content/Material/Mi_Color_10.uasset" 286
"../../../../../../Unreal Project/TetrisTest/Content/Material/Mi_Color_11.uasset" 287
"../../../../../../Unreal Project/TetrisTest/Content/Material/Mi_Color_12.uasset" 288
"../../../../../../Unreal Project/TetrisTest/Content/SM/CubeTetrisoid.uasset" 289
"../../../../../../Unreal Project/TetrisTest/Content/Sound/Hit3.uasset" 290
"../../../../../../Unreal Project/TetrisTest/Content/Sound/Hit3_Cue.uasset" 291
"../../../../../../Unreal Project/TetrisTest/Content/Blueprints/Tetrisoid/Bp_StaticBlock.uasset" 292
"../../../../../../Unreal Project/TetrisTest/Content/SM/TetrisoidBall.uasset" 293
"../../../../../../Unreal Project/TetrisTest/Content/Blueprints/Tetrisoid/Bp_Ball.uasset" 294
"../../../../../../Unreal Project/TetrisTest/Content/Material/Mi_Color_01.uasset" 295
"../../../../../../Unreal Project/TetrisTest/Content/Blueprints/Tetrisoid/Bp_Block.uasset" 296
"../../../../../../Unreal Project/TetrisTest/Content/Blueprints/Tetrisoid/Bp_Block_00.uasset" 297
"../../../../../../Unreal Project/TetrisTest/Content/Material/Mi_Color_05.uasset" 298
"../../../../../../Unreal Project/TetrisTest/Content/Blueprints/Tetrisoid/Bp_Block_01.uasset" 299
"../../../../../../Unreal Project/TetrisTest/Content/Material/Mi_Color_03.uasset" 300
"../../../../../../Unreal Project/TetrisTest/Content/Blueprints/Tetrisoid/Bp_Block_02.uasset" 301
"../../../../../../Unreal Project/TetrisTest/Content/Material/Mi_Color_02.uasset" 302
"../../../../../../Unreal Project/TetrisTest/Content/Blueprints/Tetrisoid/Bp_Block_03.uasset" 303
"../../../../../../Unreal Project/TetrisTest/Content/Material/Mi_Color_04.uasset" 304
"../../../../../../Unreal Project/TetrisTest/Content/Blueprints/Tetrisoid/Bp_Block_04.uasset" 305
"../../../../../../Unreal Project/TetrisTest/Content/Material/Mi_Color_06.uasset" 306
"../../../../../../Unreal Project/TetrisTest/Content/Blueprints/Tetrisoid/Bp_Block_05.uasset" 307
"../../../../../../Unreal Project/TetrisTest/Content/Material/Mi_Color_00.uasset" 308
"../../../../../../Unreal Project/TetrisTest/Content/Blueprints/Tetrisoid/Bp_Block_06.uasset" 309
"../../../../../../Unreal Project/TetrisTest/Content/Material/Mi_Color_13.uasset" 310
"../../../../../../Unreal Project/TetrisTest/Content/Blueprints/Tetrisoid/Bp_racket.uasset" 311
"../../../../../../Unreal Project/TetrisTest/Content/Material/Mi_Color_07.uasset" 312
"../../../../../../Unreal Project/TetrisTest/Content/Image/Background1_Sprite.uasset" 313
"../../../../../../Unreal Project/TetrisTest/Content/Image/gamebutton1_Sprite_0.uasset" 314
"../../../../../../Unreal Project/TetrisTest/Content/Image/gamebutton1_Sprite_101.uasset" 315
"../../../../../../Unreal Project/TetrisTest/Content/Image/gamebutton1_Sprite_3.uasset" 316
"../../../../../../Unreal Project/TetrisTest/Content/Image/GameName1_Sprite.uasset" 317
"../../../../../../Unreal Project/TetrisTest/Content/Map/GameOver.uasset" 318
"../../../../../../Unreal Project/TetrisTest/Content/Image/gamebutton1_Sprite_100.uasset" 319
"../../../../../../Unreal Project/TetrisTest/Content/Image/gamebutton1_Sprite_6.uasset" 320
"../../../../../../Unreal Project/TetrisTest/Content/Map/Pause.uasset" 321
"../../../../../../Unreal Project/TetrisTest/Content/Image/gamebutton1_Sprite_10.uasset" 322
"../../../../../../Unreal Project/TetrisTest/Content/Image/gamebutton1_Sprite_113.uasset" 323
"../../../../../../Unreal Project/TetrisTest/Content/Image/gamebutton1_Sprite_117.uasset" 324
"../../../../../../Unreal Project/TetrisTest/Content/Image/gamebutton1_Sprite_4.uasset" 325
"../../../../../../Unreal Project/TetrisTest/Content/Image/gamebutton1_Sprite_50.uasset" 326
"../../../../../../Unreal Project/TetrisTest/Content/Image/gamebutton1_Sprite_51.uasset" 327
"../../../../../../Unreal Project/TetrisTest/Content/Image/gamebutton1_Sprite_53.uasset" 328
"../../../../../../Unreal Project/TetrisTest/Content/Map/UserInterface.uasset" 329
"../../../../../../Unreal Project/TetrisTest/Content/Music/GameOverMusic.uasset" 330
"../../../../../../Unreal Project/TetrisTest/Content/Music/GameOverMusic_Cue.uasset" 331
"../../../../../../Unreal Project/TetrisTest/Content/Music/MusicOver10.uasset" 332
"../../../../../../Unreal Project/TetrisTest/Content/Music/MusicOver10_Cue.uasset" 333
"../../../../../../Unreal Project/TetrisTest/Content/Music/MusicOver15.uasset" 334
"../../../../../../Unreal Project/TetrisTest/Content/Music/MusicOver15_Cue.uasset" 335
"../../../../../../Unreal Project/TetrisTest/Content/Music/MusicOver1.uasset" 336
"../../../../../../Unreal Project/TetrisTest/Content/Music/MusicOver1_Cue.uasset" 337
"../../../../../../Unreal Project/TetrisTest/Content/Music/MusicOver3.uasset" 338
"../../../../../../Unreal Project/TetrisTest/Content/Music/MusicOver3_Cue.uasset" 339
"../../../../../../Unreal Project/TetrisTest/Content/Music/MusicOver5.uasset" 340
"../../../../../../Unreal Project/TetrisTest/Content/Music/MusicOver5_Cue.uasset" 341
"../../../../../../Unreal Project/TetrisTest/Content/Music/MusicOver7.uasset" 342
"../../../../../../Unreal Project/TetrisTest/Content/Music/MusicOver7_Cue.uasset" 343
"../../../../../../Unreal Project/TetrisTest/Content/Sound/Ball_Hit.uasset" 344
"../../../../../../Unreal Project/TetrisTest/Content/Sound/Ball_Hit_Cue.uasset" 345
"../../../../../../Unreal Project/TetrisTest/Content/Sound/GameChange2.uasset" 346
"../../../../../../Unreal Project/TetrisTest/Content/Sound/GameChange2_Cue.uasset" 347
"../../../../../../Unreal Project/TetrisTest/Content/Sound/String3.uasset" 348
"../../../../../../Unreal Project/TetrisTest/Content/Sound/String3_Cue.uasset" 349
"../../../../../../Unreal Project/TetrisTest/Content/Blueprints/Tetrisoid/Bp_Tetrisoid.uasset" 350
"../../../../../../Unreal Project/TetrisTest/Content/Blueprints/Player/TetrisoidPawn.uasset" 351
"../../../../../../Unreal Project/TetrisTest/Content/Blueprints/Player/TetrisoidGameMode.uasset" 352
"../../../../../../Unreal Project/TetrisTest/Content/Map/MainMenu_BuiltData.uasset" 353
"../../../../../../Unreal Project/TetrisTest/Content/Map/StartMenu.uasset" 354
"../../../../../../Unreal Project/TetrisTest/Content/Music/StartGameMusic.uasset" 355
"../../../../../../Unreal Project/TetrisTest/Content/Music/StartGameMusic_Cue.uasset" 356
"../../../../../../Unreal Project/TetrisTest/Content/Map/MainMenu.umap" 357
"../../../../../../Unreal Project/TetrisTest/Content/Map/Map_BuiltData.uasset" 358
"../../../Engine/Content/BasicShapes/Plane.uasset" 359
"../../../../../../Unreal Project/TetrisTest/Content/Map/Map.umap" 360
"../../../Engine/Content/Maps/Entry_BuiltData.uasset" 361
"../../../Engine/Content/Maps/Entry.umap" 362
